2024-02-25T09:08:00.041+05:30  WARN 15484 --- [HikariPool-1 housekeeper] com.zaxxer.hikari.pool.HikariPool        : HikariPool-1 - Thread starvation or clock leap detected (housekeeper delta=8h56m10s710ms128µs100ns).
2024-02-25T09:07:53.634+05:30  WARN 15484 --- [grpc-default-executor-1] io.camunda.zeebe.client.job.poller       : Failed to activate jobs for worker jobWorkers#saveUploadedFile and job type saveUploadedFile

io.grpc.StatusRuntimeException: DEADLINE_EXCEEDED: ClientCall was cancelled at or after deadline. [closed=[CANCELLED], committed=[remote_addr=/127.0.0.1:26500]]
	at io.grpc.Status.asRuntimeException(Status.java:537) ~[grpc-api-1.60.0.jar:1.60.0]
	at io.grpc.stub.ClientCalls$StreamObserverToCallListenerAdapter.onClose(ClientCalls.java:481) ~[grpc-stub-1.60.0.jar:1.60.0]
	at io.grpc.internal.ClientCallImpl.closeObserver(ClientCallImpl.java:574) ~[grpc-core-1.60.0.jar:1.60.0]
	at io.grpc.internal.ClientCallImpl.access$300(ClientCallImpl.java:72) ~[grpc-core-1.60.0.jar:1.60.0]
	at io.grpc.internal.ClientCallImpl$ClientStreamListenerImpl$1StreamClosed.runInternal(ClientCallImpl.java:742) ~[grpc-core-1.60.0.jar:1.60.0]
	at io.grpc.internal.ClientCallImpl$ClientStreamListenerImpl$1StreamClosed.runInContext(ClientCallImpl.java:723) ~[grpc-core-1.60.0.jar:1.60.0]
	at io.grpc.internal.ContextRunnable.run(ContextRunnable.java:37) ~[grpc-core-1.60.0.jar:1.60.0]
	at io.grpc.internal.SerializingExecutor.run(SerializingExecutor.java:133) ~[grpc-core-1.60.0.jar:1.60.0]
	at java.base/java.util.concurrent.ThreadPoolExecutor.runWorker(ThreadPoolExecutor.java:1136) ~[na:na]
	at java.base/java.util.concurrent.ThreadPoolExecutor$Worker.run(ThreadPoolExecutor.java:635) ~[na:na]
	at java.base/java.lang.Thread.run(Thread.java:833) ~[na:na]

2024-02-25T11:36:37.890+05:30  INFO 15484 --- [pool-2-thread-1] c.B.FIleUploadService.JobWorkers         : Saving uploaded file for job with key: 2251799813699954
2024-02-25T11:36:38.069+05:30  INFO 15484 --- [pool-2-thread-1] c.B.FIleUploadService.JobWorkers         : Uploaded file saved successfully
2024-02-25T11:37:13.425+05:30  INFO 15484 --- [pool-2-thread-1] c.B.FIleUploadService.JobWorkers         : Saving uploaded file for job with key: 2251799813699998
2024-02-25T11:37:13.438+05:30  INFO 15484 --- [pool-2-thread-1] c.B.FIleUploadService.JobWorkers         : Uploaded file saved successfully
2024-02-25T11:53:48.565+05:30  WARN 15484 --- [grpc-default-executor-1] io.camunda.zeebe.client.job.poller       : Failed to activate jobs for worker jobWorkers#saveUploadedFile and job type saveUploadedFile

io.grpc.StatusRuntimeException: UNAVAILABLE: io exception
	at io.grpc.Status.asRuntimeException(Status.java:537) ~[grpc-api-1.60.0.jar:1.60.0]
	at io.grpc.stub.ClientCalls$StreamObserverToCallListenerAdapter.onClose(ClientCalls.java:481) ~[grpc-stub-1.60.0.jar:1.60.0]
	at io.grpc.internal.ClientCallImpl.closeObserver(ClientCallImpl.java:574) ~[grpc-core-1.60.0.jar:1.60.0]
	at io.grpc.internal.ClientCallImpl.access$300(ClientCallImpl.java:72) ~[grpc-core-1.60.0.jar:1.60.0]
	at io.grpc.internal.ClientCallImpl$ClientStreamListenerImpl$1StreamClosed.runInternal(ClientCallImpl.java:742) ~[grpc-core-1.60.0.jar:1.60.0]
	at io.grpc.internal.ClientCallImpl$ClientStreamListenerImpl$1StreamClosed.runInContext(ClientCallImpl.java:723) ~[grpc-core-1.60.0.jar:1.60.0]
	at io.grpc.internal.ContextRunnable.run(ContextRunnable.java:37) ~[grpc-core-1.60.0.jar:1.60.0]
	at io.grpc.internal.SerializingExecutor.run(SerializingExecutor.java:133) ~[grpc-core-1.60.0.jar:1.60.0]
	at java.base/java.util.concurrent.ThreadPoolExecutor.runWorker(ThreadPoolExecutor.java:1136) ~[na:na]
	at java.base/java.util.concurrent.ThreadPoolExecutor$Worker.run(ThreadPoolExecutor.java:635) ~[na:na]
	at java.base/java.lang.Thread.run(Thread.java:833) ~[na:na]
Caused by: java.net.SocketException: Connection reset
	at java.base/sun.nio.ch.SocketChannelImpl.throwConnectionReset(SocketChannelImpl.java:394) ~[na:na]
	at java.base/sun.nio.ch.SocketChannelImpl.read(SocketChannelImpl.java:426) ~[na:na]
	at io.netty.buffer.PooledByteBuf.setBytes(PooledByteBuf.java:255) ~[netty-buffer-4.1.107.Final.jar:4.1.107.Final]
	at io.netty.buffer.AbstractByteBuf.writeBytes(AbstractByteBuf.java:1132) ~[netty-buffer-4.1.107.Final.jar:4.1.107.Final]
	at io.netty.channel.socket.nio.NioSocketChannel.doReadBytes(NioSocketChannel.java:357) ~[netty-transport-4.1.107.Final.jar:4.1.107.Final]
	at io.netty.channel.nio.AbstractNioByteChannel$NioByteUnsafe.read(AbstractNioByteChannel.java:151) ~[netty-transport-4.1.107.Final.jar:4.1.107.Final]
	at io.netty.channel.nio.NioEventLoop.processSelectedKey(NioEventLoop.java:788) ~[netty-transport-4.1.107.Final.jar:4.1.107.Final]
	at io.netty.channel.nio.NioEventLoop.processSelectedKeysOptimized(NioEventLoop.java:724) ~[netty-transport-4.1.107.Final.jar:4.1.107.Final]
	at io.netty.channel.nio.NioEventLoop.processSelectedKeys(NioEventLoop.java:650) ~[netty-transport-4.1.107.Final.jar:4.1.107.Final]
	at io.netty.channel.nio.NioEventLoop.run(NioEventLoop.java:562) ~[netty-transport-4.1.107.Final.jar:4.1.107.Final]
	at io.netty.util.concurrent.SingleThreadEventExecutor$4.run(SingleThreadEventExecutor.java:997) ~[netty-common-4.1.107.Final.jar:4.1.107.Final]
	at io.netty.util.internal.ThreadExecutorMap$2.run(ThreadExecutorMap.java:74) ~[netty-common-4.1.107.Final.jar:4.1.107.Final]
	at io.netty.util.concurrent.FastThreadLocalRunnable.run(FastThreadLocalRunnable.java:30) ~[netty-common-4.1.107.Final.jar:4.1.107.Final]
	... 1 common frames omitted

2024-02-25T11:53:48.974+05:30  WARN 15484 --- [grpc-default-executor-2] io.camunda.zeebe.client.job.poller       : Failed to activate jobs for worker jobWorkers#saveUploadedFile and job type saveUploadedFile

io.grpc.StatusRuntimeException: UNAVAILABLE: io exception
	at io.grpc.Status.asRuntimeException(Status.java:537) ~[grpc-api-1.60.0.jar:1.60.0]
	at io.grpc.stub.ClientCalls$StreamObserverToCallListenerAdapter.onClose(ClientCalls.java:481) ~[grpc-stub-1.60.0.jar:1.60.0]
	at io.grpc.internal.ClientCallImpl.closeObserver(ClientCallImpl.java:574) ~[grpc-core-1.60.0.jar:1.60.0]
	at io.grpc.internal.ClientCallImpl.access$300(ClientCallImpl.java:72) ~[grpc-core-1.60.0.jar:1.60.0]
	at io.grpc.internal.ClientCallImpl$ClientStreamListenerImpl$1StreamClosed.runInternal(ClientCallImpl.java:742) ~[grpc-core-1.60.0.jar:1.60.0]
	at io.grpc.internal.ClientCallImpl$ClientStreamListenerImpl$1StreamClosed.runInContext(ClientCallImpl.java:723) ~[grpc-core-1.60.0.jar:1.60.0]
	at io.grpc.internal.ContextRunnable.run(ContextRunnable.java:37) ~[grpc-core-1.60.0.jar:1.60.0]
	at io.grpc.internal.SerializingExecutor.run(SerializingExecutor.java:133) ~[grpc-core-1.60.0.jar:1.60.0]
	at java.base/java.util.concurrent.ThreadPoolExecutor.runWorker(ThreadPoolExecutor.java:1136) ~[na:na]
	at java.base/java.util.concurrent.ThreadPoolExecutor$Worker.run(ThreadPoolExecutor.java:635) ~[na:na]
	at java.base/java.lang.Thread.run(Thread.java:833) ~[na:na]
Caused by: io.netty.channel.AbstractChannel$AnnotatedConnectException: Connection refused: no further information: /127.0.0.1:26500
Caused by: java.net.ConnectException: Connection refused: no further information
	at java.base/sun.nio.ch.Net.pollConnect(Native Method) ~[na:na]
	at java.base/sun.nio.ch.Net.pollConnectNow(Net.java:672) ~[na:na]
	at java.base/sun.nio.ch.SocketChannelImpl.finishConnect(SocketChannelImpl.java:946) ~[na:na]
	at io.netty.channel.socket.nio.NioSocketChannel.doFinishConnect(NioSocketChannel.java:337) ~[netty-transport-4.1.107.Final.jar:4.1.107.Final]
	at io.netty.channel.nio.AbstractNioChannel$AbstractNioUnsafe.finishConnect(AbstractNioChannel.java:335) ~[netty-transport-4.1.107.Final.jar:4.1.107.Final]
	at io.netty.channel.nio.NioEventLoop.processSelectedKey(NioEventLoop.java:776) ~[netty-transport-4.1.107.Final.jar:4.1.107.Final]
	at io.netty.channel.nio.NioEventLoop.processSelectedKeysOptimized(NioEventLoop.java:724) ~[netty-transport-4.1.107.Final.jar:4.1.107.Final]
	at io.netty.channel.nio.NioEventLoop.processSelectedKeys(NioEventLoop.java:650) ~[netty-transport-4.1.107.Final.jar:4.1.107.Final]
	at io.netty.channel.nio.NioEventLoop.run(NioEventLoop.java:562) ~[netty-transport-4.1.107.Final.jar:4.1.107.Final]
	at io.netty.util.concurrent.SingleThreadEventExecutor$4.run(SingleThreadEventExecutor.java:997) ~[netty-common-4.1.107.Final.jar:4.1.107.Final]
	at io.netty.util.internal.ThreadExecutorMap$2.run(ThreadExecutorMap.java:74) ~[netty-common-4.1.107.Final.jar:4.1.107.Final]
	at io.netty.util.concurrent.FastThreadLocalRunnable.run(FastThreadLocalRunnable.java:30) ~[netty-common-4.1.107.Final.jar:4.1.107.Final]
	at java.base/java.lang.Thread.run(Thread.java:833) ~[na:na]

2024-02-25T11:53:49.214+05:30  WARN 15484 --- [pool-2-thread-1] io.camunda.zeebe.client.job.poller       : Failed to activate jobs for worker jobWorkers#saveUploadedFile and job type saveUploadedFile

io.grpc.StatusRuntimeException: UNAVAILABLE: io exception
	at io.grpc.Status.asRuntimeException(Status.java:537) ~[grpc-api-1.60.0.jar:1.60.0]
	at io.grpc.stub.ClientCalls$StreamObserverToCallListenerAdapter.onClose(ClientCalls.java:481) ~[grpc-stub-1.60.0.jar:1.60.0]
	at io.grpc.internal.ClientCallImpl.closeObserver(ClientCallImpl.java:574) ~[grpc-core-1.60.0.jar:1.60.0]
	at io.grpc.internal.ClientCallImpl.access$300(ClientCallImpl.java:72) ~[grpc-core-1.60.0.jar:1.60.0]
	at io.grpc.internal.ClientCallImpl$ClientStreamListenerImpl$1StreamClosed.runInternal(ClientCallImpl.java:742) ~[grpc-core-1.60.0.jar:1.60.0]
	at io.grpc.internal.ClientCallImpl$ClientStreamListenerImpl$1StreamClosed.runInContext(ClientCallImpl.java:723) ~[grpc-core-1.60.0.jar:1.60.0]
	at io.grpc.internal.ContextRunnable.run(ContextRunnable.java:37) ~[grpc-core-1.60.0.jar:1.60.0]
	at io.grpc.internal.SerializingExecutor.run(SerializingExecutor.java:133) ~[grpc-core-1.60.0.jar:1.60.0]
	at java.base/java.util.concurrent.ThreadPoolExecutor.runWorker(ThreadPoolExecutor.java:1136) ~[na:na]
	at java.base/java.util.concurrent.ThreadPoolExecutor$Worker.run(ThreadPoolExecutor.java:635) ~[na:na]
	at java.base/java.lang.Thread.run(Thread.java:833) ~[na:na]
Caused by: io.netty.channel.AbstractChannel$AnnotatedConnectException: Connection refused: no further information: /127.0.0.1:26500
Caused by: java.net.ConnectException: Connection refused: no further information
	at java.base/sun.nio.ch.Net.pollConnect(Native Method) ~[na:na]
	at java.base/sun.nio.ch.Net.pollConnectNow(Net.java:672) ~[na:na]
	at java.base/sun.nio.ch.SocketChannelImpl.finishConnect(SocketChannelImpl.java:946) ~[na:na]
	at io.netty.channel.socket.nio.NioSocketChannel.doFinishConnect(NioSocketChannel.java:337) ~[netty-transport-4.1.107.Final.jar:4.1.107.Final]
	at io.netty.channel.nio.AbstractNioChannel$AbstractNioUnsafe.finishConnect(AbstractNioChannel.java:335) ~[netty-transport-4.1.107.Final.jar:4.1.107.Final]
	at io.netty.channel.nio.NioEventLoop.processSelectedKey(NioEventLoop.java:776) ~[netty-transport-4.1.107.Final.jar:4.1.107.Final]
	at io.netty.channel.nio.NioEventLoop.processSelectedKeysOptimized(NioEventLoop.java:724) ~[netty-transport-4.1.107.Final.jar:4.1.107.Final]
	at io.netty.channel.nio.NioEventLoop.processSelectedKeys(NioEventLoop.java:650) ~[netty-transport-4.1.107.Final.jar:4.1.107.Final]
	at io.netty.channel.nio.NioEventLoop.run(NioEventLoop.java:562) ~[netty-transport-4.1.107.Final.jar:4.1.107.Final]
	at io.netty.util.concurrent.SingleThreadEventExecutor$4.run(SingleThreadEventExecutor.java:997) ~[netty-common-4.1.107.Final.jar:4.1.107.Final]
	at io.netty.util.internal.ThreadExecutorMap$2.run(ThreadExecutorMap.java:74) ~[netty-common-4.1.107.Final.jar:4.1.107.Final]
	at io.netty.util.concurrent.FastThreadLocalRunnable.run(FastThreadLocalRunnable.java:30) ~[netty-common-4.1.107.Final.jar:4.1.107.Final]
	at java.base/java.lang.Thread.run(Thread.java:833) ~[na:na]

2024-02-25T11:53:49.620+05:30  WARN 15484 --- [grpc-default-executor-1] io.camunda.zeebe.client.job.poller       : Failed to activate jobs for worker jobWorkers#saveUploadedFile and job type saveUploadedFile

io.grpc.StatusRuntimeException: UNAVAILABLE: io exception
	at io.grpc.Status.asRuntimeException(Status.java:537) ~[grpc-api-1.60.0.jar:1.60.0]
	at io.grpc.stub.ClientCalls$StreamObserverToCallListenerAdapter.onClose(ClientCalls.java:481) ~[grpc-stub-1.60.0.jar:1.60.0]
	at io.grpc.internal.ClientCallImpl.closeObserver(ClientCallImpl.java:574) ~[grpc-core-1.60.0.jar:1.60.0]
	at io.grpc.internal.ClientCallImpl.access$300(ClientCallImpl.java:72) ~[grpc-core-1.60.0.jar:1.60.0]
	at io.grpc.internal.ClientCallImpl$ClientStreamListenerImpl$1StreamClosed.runInternal(ClientCallImpl.java:742) ~[grpc-core-1.60.0.jar:1.60.0]
	at io.grpc.internal.ClientCallImpl$ClientStreamListenerImpl$1StreamClosed.runInContext(ClientCallImpl.java:723) ~[grpc-core-1.60.0.jar:1.60.0]
	at io.grpc.internal.ContextRunnable.run(ContextRunnable.java:37) ~[grpc-core-1.60.0.jar:1.60.0]
	at io.grpc.internal.SerializingExecutor.run(SerializingExecutor.java:133) ~[grpc-core-1.60.0.jar:1.60.0]
	at java.base/java.util.concurrent.ThreadPoolExecutor.runWorker(ThreadPoolExecutor.java:1136) ~[na:na]
	at java.base/java.util.concurrent.ThreadPoolExecutor$Worker.run(ThreadPoolExecutor.java:635) ~[na:na]
	at java.base/java.lang.Thread.run(Thread.java:833) ~[na:na]
Caused by: io.netty.channel.AbstractChannel$AnnotatedConnectException: Connection refused: no further information: /127.0.0.1:26500
Caused by: java.net.ConnectException: Connection refused: no further information
	at java.base/sun.nio.ch.Net.pollConnect(Native Method) ~[na:na]
	at java.base/sun.nio.ch.Net.pollConnectNow(Net.java:672) ~[na:na]
	at java.base/sun.nio.ch.SocketChannelImpl.finishConnect(SocketChannelImpl.java:946) ~[na:na]
	at io.netty.channel.socket.nio.NioSocketChannel.doFinishConnect(NioSocketChannel.java:337) ~[netty-transport-4.1.107.Final.jar:4.1.107.Final]
	at io.netty.channel.nio.AbstractNioChannel$AbstractNioUnsafe.finishConnect(AbstractNioChannel.java:335) ~[netty-transport-4.1.107.Final.jar:4.1.107.Final]
	at io.netty.channel.nio.NioEventLoop.processSelectedKey(NioEventLoop.java:776) ~[netty-transport-4.1.107.Final.jar:4.1.107.Final]
	at io.netty.channel.nio.NioEventLoop.processSelectedKeysOptimized(NioEventLoop.java:724) ~[netty-transport-4.1.107.Final.jar:4.1.107.Final]
	at io.netty.channel.nio.NioEventLoop.processSelectedKeys(NioEventLoop.java:650) ~[netty-transport-4.1.107.Final.jar:4.1.107.Final]
	at io.netty.channel.nio.NioEventLoop.run(NioEventLoop.java:562) ~[netty-transport-4.1.107.Final.jar:4.1.107.Final]
	at io.netty.util.concurrent.SingleThreadEventExecutor$4.run(SingleThreadEventExecutor.java:997) ~[netty-common-4.1.107.Final.jar:4.1.107.Final]
	at io.netty.util.internal.ThreadExecutorMap$2.run(ThreadExecutorMap.java:74) ~[netty-common-4.1.107.Final.jar:4.1.107.Final]
	at io.netty.util.concurrent.FastThreadLocalRunnable.run(FastThreadLocalRunnable.java:30) ~[netty-common-4.1.107.Final.jar:4.1.107.Final]
	at java.base/java.lang.Thread.run(Thread.java:833) ~[na:na]

2024-02-25T11:53:50.282+05:30  WARN 15484 --- [pool-2-thread-1] io.camunda.zeebe.client.job.poller       : Failed to activate jobs for worker jobWorkers#saveUploadedFile and job type saveUploadedFile

io.grpc.StatusRuntimeException: UNAVAILABLE: io exception
	at io.grpc.Status.asRuntimeException(Status.java:537) ~[grpc-api-1.60.0.jar:1.60.0]
	at io.grpc.stub.ClientCalls$StreamObserverToCallListenerAdapter.onClose(ClientCalls.java:481) ~[grpc-stub-1.60.0.jar:1.60.0]
	at io.grpc.internal.ClientCallImpl.closeObserver(ClientCallImpl.java:574) ~[grpc-core-1.60.0.jar:1.60.0]
	at io.grpc.internal.ClientCallImpl.access$300(ClientCallImpl.java:72) ~[grpc-core-1.60.0.jar:1.60.0]
	at io.grpc.internal.ClientCallImpl$ClientStreamListenerImpl$1StreamClosed.runInternal(ClientCallImpl.java:742) ~[grpc-core-1.60.0.jar:1.60.0]
	at io.grpc.internal.ClientCallImpl$ClientStreamListenerImpl$1StreamClosed.runInContext(ClientCallImpl.java:723) ~[grpc-core-1.60.0.jar:1.60.0]
	at io.grpc.internal.ContextRunnable.run(ContextRunnable.java:37) ~[grpc-core-1.60.0.jar:1.60.0]
	at io.grpc.internal.SerializingExecutor.run(SerializingExecutor.java:133) ~[grpc-core-1.60.0.jar:1.60.0]
	at java.base/java.util.concurrent.ThreadPoolExecutor.runWorker(ThreadPoolExecutor.java:1136) ~[na:na]
	at java.base/java.util.concurrent.ThreadPoolExecutor$Worker.run(ThreadPoolExecutor.java:635) ~[na:na]
	at java.base/java.lang.Thread.run(Thread.java:833) ~[na:na]
Caused by: io.netty.channel.AbstractChannel$AnnotatedConnectException: Connection refused: no further information: /127.0.0.1:26500
Caused by: java.net.ConnectException: Connection refused: no further information
	at java.base/sun.nio.ch.Net.pollConnect(Native Method) ~[na:na]
	at java.base/sun.nio.ch.Net.pollConnectNow(Net.java:672) ~[na:na]
	at java.base/sun.nio.ch.SocketChannelImpl.finishConnect(SocketChannelImpl.java:946) ~[na:na]
	at io.netty.channel.socket.nio.NioSocketChannel.doFinishConnect(NioSocketChannel.java:337) ~[netty-transport-4.1.107.Final.jar:4.1.107.Final]
	at io.netty.channel.nio.AbstractNioChannel$AbstractNioUnsafe.finishConnect(AbstractNioChannel.java:335) ~[netty-transport-4.1.107.Final.jar:4.1.107.Final]
	at io.netty.channel.nio.NioEventLoop.processSelectedKey(NioEventLoop.java:776) ~[netty-transport-4.1.107.Final.jar:4.1.107.Final]
	at io.netty.channel.nio.NioEventLoop.processSelectedKeysOptimized(NioEventLoop.java:724) ~[netty-transport-4.1.107.Final.jar:4.1.107.Final]
	at io.netty.channel.nio.NioEventLoop.processSelectedKeys(NioEventLoop.java:650) ~[netty-transport-4.1.107.Final.jar:4.1.107.Final]
	at io.netty.channel.nio.NioEventLoop.run(NioEventLoop.java:562) ~[netty-transport-4.1.107.Final.jar:4.1.107.Final]
	at io.netty.util.concurrent.SingleThreadEventExecutor$4.run(SingleThreadEventExecutor.java:997) ~[netty-common-4.1.107.Final.jar:4.1.107.Final]
	at io.netty.util.internal.ThreadExecutorMap$2.run(ThreadExecutorMap.java:74) ~[netty-common-4.1.107.Final.jar:4.1.107.Final]
	at io.netty.util.concurrent.FastThreadLocalRunnable.run(FastThreadLocalRunnable.java:30) ~[netty-common-4.1.107.Final.jar:4.1.107.Final]
	at java.base/java.lang.Thread.run(Thread.java:833) ~[na:na]

2024-02-25T11:53:51.299+05:30  WARN 15484 --- [pool-2-thread-1] io.camunda.zeebe.client.job.poller       : Failed to activate jobs for worker jobWorkers#saveUploadedFile and job type saveUploadedFile

io.grpc.StatusRuntimeException: UNAVAILABLE: io exception
	at io.grpc.Status.asRuntimeException(Status.java:537) ~[grpc-api-1.60.0.jar:1.60.0]
	at io.grpc.stub.ClientCalls$StreamObserverToCallListenerAdapter.onClose(ClientCalls.java:481) ~[grpc-stub-1.60.0.jar:1.60.0]
	at io.grpc.internal.ClientCallImpl.closeObserver(ClientCallImpl.java:574) ~[grpc-core-1.60.0.jar:1.60.0]
	at io.grpc.internal.ClientCallImpl.access$300(ClientCallImpl.java:72) ~[grpc-core-1.60.0.jar:1.60.0]
	at io.grpc.internal.ClientCallImpl$ClientStreamListenerImpl$1StreamClosed.runInternal(ClientCallImpl.java:742) ~[grpc-core-1.60.0.jar:1.60.0]
	at io.grpc.internal.ClientCallImpl$ClientStreamListenerImpl$1StreamClosed.runInContext(ClientCallImpl.java:723) ~[grpc-core-1.60.0.jar:1.60.0]
	at io.grpc.internal.ContextRunnable.run(ContextRunnable.java:37) ~[grpc-core-1.60.0.jar:1.60.0]
	at io.grpc.internal.SerializingExecutor.run(SerializingExecutor.java:133) ~[grpc-core-1.60.0.jar:1.60.0]
	at java.base/java.util.concurrent.ThreadPoolExecutor.runWorker(ThreadPoolExecutor.java:1136) ~[na:na]
	at java.base/java.util.concurrent.ThreadPoolExecutor$Worker.run(ThreadPoolExecutor.java:635) ~[na:na]
	at java.base/java.lang.Thread.run(Thread.java:833) ~[na:na]
Caused by: io.netty.channel.AbstractChannel$AnnotatedConnectException: Connection refused: no further information: /127.0.0.1:26500
Caused by: java.net.ConnectException: Connection refused: no further information
	at java.base/sun.nio.ch.Net.pollConnect(Native Method) ~[na:na]
	at java.base/sun.nio.ch.Net.pollConnectNow(Net.java:672) ~[na:na]
	at java.base/sun.nio.ch.SocketChannelImpl.finishConnect(SocketChannelImpl.java:946) ~[na:na]
	at io.netty.channel.socket.nio.NioSocketChannel.doFinishConnect(NioSocketChannel.java:337) ~[netty-transport-4.1.107.Final.jar:4.1.107.Final]
	at io.netty.channel.nio.AbstractNioChannel$AbstractNioUnsafe.finishConnect(AbstractNioChannel.java:335) ~[netty-transport-4.1.107.Final.jar:4.1.107.Final]
	at io.netty.channel.nio.NioEventLoop.processSelectedKey(NioEventLoop.java:776) ~[netty-transport-4.1.107.Final.jar:4.1.107.Final]
	at io.netty.channel.nio.NioEventLoop.processSelectedKeysOptimized(NioEventLoop.java:724) ~[netty-transport-4.1.107.Final.jar:4.1.107.Final]
	at io.netty.channel.nio.NioEventLoop.processSelectedKeys(NioEventLoop.java:650) ~[netty-transport-4.1.107.Final.jar:4.1.107.Final]
	at io.netty.channel.nio.NioEventLoop.run(NioEventLoop.java:562) ~[netty-transport-4.1.107.Final.jar:4.1.107.Final]
	at io.netty.util.concurrent.SingleThreadEventExecutor$4.run(SingleThreadEventExecutor.java:997) ~[netty-common-4.1.107.Final.jar:4.1.107.Final]
	at io.netty.util.internal.ThreadExecutorMap$2.run(ThreadExecutorMap.java:74) ~[netty-common-4.1.107.Final.jar:4.1.107.Final]
	at io.netty.util.concurrent.FastThreadLocalRunnable.run(FastThreadLocalRunnable.java:30) ~[netty-common-4.1.107.Final.jar:4.1.107.Final]
	at java.base/java.lang.Thread.run(Thread.java:833) ~[na:na]

2024-02-25T11:53:52.799+05:30  WARN 15484 --- [grpc-default-executor-2] io.camunda.zeebe.client.job.poller       : Failed to activate jobs for worker jobWorkers#saveUploadedFile and job type saveUploadedFile

io.grpc.StatusRuntimeException: UNAVAILABLE: io exception
	at io.grpc.Status.asRuntimeException(Status.java:537) ~[grpc-api-1.60.0.jar:1.60.0]
	at io.grpc.stub.ClientCalls$StreamObserverToCallListenerAdapter.onClose(ClientCalls.java:481) ~[grpc-stub-1.60.0.jar:1.60.0]
	at io.grpc.internal.ClientCallImpl.closeObserver(ClientCallImpl.java:574) ~[grpc-core-1.60.0.jar:1.60.0]
	at io.grpc.internal.ClientCallImpl.access$300(ClientCallImpl.java:72) ~[grpc-core-1.60.0.jar:1.60.0]
	at io.grpc.internal.ClientCallImpl$ClientStreamListenerImpl$1StreamClosed.runInternal(ClientCallImpl.java:742) ~[grpc-core-1.60.0.jar:1.60.0]
	at io.grpc.internal.ClientCallImpl$ClientStreamListenerImpl$1StreamClosed.runInContext(ClientCallImpl.java:723) ~[grpc-core-1.60.0.jar:1.60.0]
	at io.grpc.internal.ContextRunnable.run(ContextRunnable.java:37) ~[grpc-core-1.60.0.jar:1.60.0]
	at io.grpc.internal.SerializingExecutor.run(SerializingExecutor.java:133) ~[grpc-core-1.60.0.jar:1.60.0]
	at java.base/java.util.concurrent.ThreadPoolExecutor.runWorker(ThreadPoolExecutor.java:1136) ~[na:na]
	at java.base/java.util.concurrent.ThreadPoolExecutor$Worker.run(ThreadPoolExecutor.java:635) ~[na:na]
	at java.base/java.lang.Thread.run(Thread.java:833) ~[na:na]
Caused by: io.netty.channel.AbstractChannel$AnnotatedConnectException: Connection refused: no further information: /127.0.0.1:26500
Caused by: java.net.ConnectException: Connection refused: no further information
	at java.base/sun.nio.ch.Net.pollConnect(Native Method) ~[na:na]
	at java.base/sun.nio.ch.Net.pollConnectNow(Net.java:672) ~[na:na]
	at java.base/sun.nio.ch.SocketChannelImpl.finishConnect(SocketChannelImpl.java:946) ~[na:na]
	at io.netty.channel.socket.nio.NioSocketChannel.doFinishConnect(NioSocketChannel.java:337) ~[netty-transport-4.1.107.Final.jar:4.1.107.Final]
	at io.netty.channel.nio.AbstractNioChannel$AbstractNioUnsafe.finishConnect(AbstractNioChannel.java:335) ~[netty-transport-4.1.107.Final.jar:4.1.107.Final]
	at io.netty.channel.nio.NioEventLoop.processSelectedKey(NioEventLoop.java:776) ~[netty-transport-4.1.107.Final.jar:4.1.107.Final]
	at io.netty.channel.nio.NioEventLoop.processSelectedKeysOptimized(NioEventLoop.java:724) ~[netty-transport-4.1.107.Final.jar:4.1.107.Final]
	at io.netty.channel.nio.NioEventLoop.processSelectedKeys(NioEventLoop.java:650) ~[netty-transport-4.1.107.Final.jar:4.1.107.Final]
	at io.netty.channel.nio.NioEventLoop.run(NioEventLoop.java:562) ~[netty-transport-4.1.107.Final.jar:4.1.107.Final]
	at io.netty.util.concurrent.SingleThreadEventExecutor$4.run(SingleThreadEventExecutor.java:997) ~[netty-common-4.1.107.Final.jar:4.1.107.Final]
	at io.netty.util.internal.ThreadExecutorMap$2.run(ThreadExecutorMap.java:74) ~[netty-common-4.1.107.Final.jar:4.1.107.Final]
	at io.netty.util.concurrent.FastThreadLocalRunnable.run(FastThreadLocalRunnable.java:30) ~[netty-common-4.1.107.Final.jar:4.1.107.Final]
	at java.base/java.lang.Thread.run(Thread.java:833) ~[na:na]

2024-02-25T11:53:55.039+05:30  WARN 15484 --- [grpc-default-executor-1] io.camunda.zeebe.client.job.poller       : Failed to activate jobs for worker jobWorkers#saveUploadedFile and job type saveUploadedFile

io.grpc.StatusRuntimeException: UNAVAILABLE: io exception
	at io.grpc.Status.asRuntimeException(Status.java:537) ~[grpc-api-1.60.0.jar:1.60.0]
	at io.grpc.stub.ClientCalls$StreamObserverToCallListenerAdapter.onClose(ClientCalls.java:481) ~[grpc-stub-1.60.0.jar:1.60.0]
	at io.grpc.internal.ClientCallImpl.closeObserver(ClientCallImpl.java:574) ~[grpc-core-1.60.0.jar:1.60.0]
	at io.grpc.internal.ClientCallImpl.access$300(ClientCallImpl.java:72) ~[grpc-core-1.60.0.jar:1.60.0]
	at io.grpc.internal.ClientCallImpl$ClientStreamListenerImpl$1StreamClosed.runInternal(ClientCallImpl.java:742) ~[grpc-core-1.60.0.jar:1.60.0]
	at io.grpc.internal.ClientCallImpl$ClientStreamListenerImpl$1StreamClosed.runInContext(ClientCallImpl.java:723) ~[grpc-core-1.60.0.jar:1.60.0]
	at io.grpc.internal.ContextRunnable.run(ContextRunnable.java:37) ~[grpc-core-1.60.0.jar:1.60.0]
	at io.grpc.internal.SerializingExecutor.run(SerializingExecutor.java:133) ~[grpc-core-1.60.0.jar:1.60.0]
	at java.base/java.util.concurrent.ThreadPoolExecutor.runWorker(ThreadPoolExecutor.java:1136) ~[na:na]
	at java.base/java.util.concurrent.ThreadPoolExecutor$Worker.run(ThreadPoolExecutor.java:635) ~[na:na]
	at java.base/java.lang.Thread.run(Thread.java:833) ~[na:na]
Caused by: io.netty.channel.AbstractChannel$AnnotatedConnectException: Connection refused: no further information: /127.0.0.1:26500
Caused by: java.net.ConnectException: Connection refused: no further information
	at java.base/sun.nio.ch.Net.pollConnect(Native Method) ~[na:na]
	at java.base/sun.nio.ch.Net.pollConnectNow(Net.java:672) ~[na:na]
	at java.base/sun.nio.ch.SocketChannelImpl.finishConnect(SocketChannelImpl.java:946) ~[na:na]
	at io.netty.channel.socket.nio.NioSocketChannel.doFinishConnect(NioSocketChannel.java:337) ~[netty-transport-4.1.107.Final.jar:4.1.107.Final]
	at io.netty.channel.nio.AbstractNioChannel$AbstractNioUnsafe.finishConnect(AbstractNioChannel.java:335) ~[netty-transport-4.1.107.Final.jar:4.1.107.Final]
	at io.netty.channel.nio.NioEventLoop.processSelectedKey(NioEventLoop.java:776) ~[netty-transport-4.1.107.Final.jar:4.1.107.Final]
	at io.netty.channel.nio.NioEventLoop.processSelectedKeysOptimized(NioEventLoop.java:724) ~[netty-transport-4.1.107.Final.jar:4.1.107.Final]
	at io.netty.channel.nio.NioEventLoop.processSelectedKeys(NioEventLoop.java:650) ~[netty-transport-4.1.107.Final.jar:4.1.107.Final]
	at io.netty.channel.nio.NioEventLoop.run(NioEventLoop.java:562) ~[netty-transport-4.1.107.Final.jar:4.1.107.Final]
	at io.netty.util.concurrent.SingleThreadEventExecutor$4.run(SingleThreadEventExecutor.java:997) ~[netty-common-4.1.107.Final.jar:4.1.107.Final]
	at io.netty.util.internal.ThreadExecutorMap$2.run(ThreadExecutorMap.java:74) ~[netty-common-4.1.107.Final.jar:4.1.107.Final]
	at io.netty.util.concurrent.FastThreadLocalRunnable.run(FastThreadLocalRunnable.java:30) ~[netty-common-4.1.107.Final.jar:4.1.107.Final]
	at java.base/java.lang.Thread.run(Thread.java:833) ~[na:na]

2024-02-25T11:53:58.678+05:30  WARN 15484 --- [grpc-default-executor-2] io.camunda.zeebe.client.job.poller       : Failed to activate jobs for worker jobWorkers#saveUploadedFile and job type saveUploadedFile

io.grpc.StatusRuntimeException: UNAVAILABLE: io exception
	at io.grpc.Status.asRuntimeException(Status.java:537) ~[grpc-api-1.60.0.jar:1.60.0]
	at io.grpc.stub.ClientCalls$StreamObserverToCallListenerAdapter.onClose(ClientCalls.java:481) ~[grpc-stub-1.60.0.jar:1.60.0]
	at io.grpc.internal.ClientCallImpl.closeObserver(ClientCallImpl.java:574) ~[grpc-core-1.60.0.jar:1.60.0]
	at io.grpc.internal.ClientCallImpl.access$300(ClientCallImpl.java:72) ~[grpc-core-1.60.0.jar:1.60.0]
	at io.grpc.internal.ClientCallImpl$ClientStreamListenerImpl$1StreamClosed.runInternal(ClientCallImpl.java:742) ~[grpc-core-1.60.0.jar:1.60.0]
	at io.grpc.internal.ClientCallImpl$ClientStreamListenerImpl$1StreamClosed.runInContext(ClientCallImpl.java:723) ~[grpc-core-1.60.0.jar:1.60.0]
	at io.grpc.internal.ContextRunnable.run(ContextRunnable.java:37) ~[grpc-core-1.60.0.jar:1.60.0]
	at io.grpc.internal.SerializingExecutor.run(SerializingExecutor.java:133) ~[grpc-core-1.60.0.jar:1.60.0]
	at java.base/java.util.concurrent.ThreadPoolExecutor.runWorker(ThreadPoolExecutor.java:1136) ~[na:na]
	at java.base/java.util.concurrent.ThreadPoolExecutor$Worker.run(ThreadPoolExecutor.java:635) ~[na:na]
	at java.base/java.lang.Thread.run(Thread.java:833) ~[na:na]
Caused by: io.netty.channel.AbstractChannel$AnnotatedConnectException: Connection refused: no further information: /127.0.0.1:26500
Caused by: java.net.ConnectException: Connection refused: no further information
	at java.base/sun.nio.ch.Net.pollConnect(Native Method) ~[na:na]
	at java.base/sun.nio.ch.Net.pollConnectNow(Net.java:672) ~[na:na]
	at java.base/sun.nio.ch.SocketChannelImpl.finishConnect(SocketChannelImpl.java:946) ~[na:na]
	at io.netty.channel.socket.nio.NioSocketChannel.doFinishConnect(NioSocketChannel.java:337) ~[netty-transport-4.1.107.Final.jar:4.1.107.Final]
	at io.netty.channel.nio.AbstractNioChannel$AbstractNioUnsafe.finishConnect(AbstractNioChannel.java:335) ~[netty-transport-4.1.107.Final.jar:4.1.107.Final]
	at io.netty.channel.nio.NioEventLoop.processSelectedKey(NioEventLoop.java:776) ~[netty-transport-4.1.107.Final.jar:4.1.107.Final]
	at io.netty.channel.nio.NioEventLoop.processSelectedKeysOptimized(NioEventLoop.java:724) ~[netty-transport-4.1.107.Final.jar:4.1.107.Final]
	at io.netty.channel.nio.NioEventLoop.processSelectedKeys(NioEventLoop.java:650) ~[netty-transport-4.1.107.Final.jar:4.1.107.Final]
	at io.netty.channel.nio.NioEventLoop.run(NioEventLoop.java:562) ~[netty-transport-4.1.107.Final.jar:4.1.107.Final]
	at io.netty.util.concurrent.SingleThreadEventExecutor$4.run(SingleThreadEventExecutor.java:997) ~[netty-common-4.1.107.Final.jar:4.1.107.Final]
	at io.netty.util.internal.ThreadExecutorMap$2.run(ThreadExecutorMap.java:74) ~[netty-common-4.1.107.Final.jar:4.1.107.Final]
	at io.netty.util.concurrent.FastThreadLocalRunnable.run(FastThreadLocalRunnable.java:30) ~[netty-common-4.1.107.Final.jar:4.1.107.Final]
	at java.base/java.lang.Thread.run(Thread.java:833) ~[na:na]

2024-02-25T11:54:03.981+05:30  WARN 15484 --- [grpc-default-executor-1] io.camunda.zeebe.client.job.poller       : Failed to activate jobs for worker jobWorkers#saveUploadedFile and job type saveUploadedFile

io.grpc.StatusRuntimeException: UNAVAILABLE: io exception
	at io.grpc.Status.asRuntimeException(Status.java:537) ~[grpc-api-1.60.0.jar:1.60.0]
	at io.grpc.stub.ClientCalls$StreamObserverToCallListenerAdapter.onClose(ClientCalls.java:481) ~[grpc-stub-1.60.0.jar:1.60.0]
	at io.grpc.internal.ClientCallImpl.closeObserver(ClientCallImpl.java:574) ~[grpc-core-1.60.0.jar:1.60.0]
	at io.grpc.internal.ClientCallImpl.access$300(ClientCallImpl.java:72) ~[grpc-core-1.60.0.jar:1.60.0]
	at io.grpc.internal.ClientCallImpl$ClientStreamListenerImpl$1StreamClosed.runInternal(ClientCallImpl.java:742) ~[grpc-core-1.60.0.jar:1.60.0]
	at io.grpc.internal.ClientCallImpl$ClientStreamListenerImpl$1StreamClosed.runInContext(ClientCallImpl.java:723) ~[grpc-core-1.60.0.jar:1.60.0]
	at io.grpc.internal.ContextRunnable.run(ContextRunnable.java:37) ~[grpc-core-1.60.0.jar:1.60.0]
	at io.grpc.internal.SerializingExecutor.run(SerializingExecutor.java:133) ~[grpc-core-1.60.0.jar:1.60.0]
	at java.base/java.util.concurrent.ThreadPoolExecutor.runWorker(ThreadPoolExecutor.java:1136) ~[na:na]
	at java.base/java.util.concurrent.ThreadPoolExecutor$Worker.run(ThreadPoolExecutor.java:635) ~[na:na]
	at java.base/java.lang.Thread.run(Thread.java:833) ~[na:na]
Caused by: io.netty.channel.AbstractChannel$AnnotatedConnectException: Connection refused: no further information: /127.0.0.1:26500
Caused by: java.net.ConnectException: Connection refused: no further information
	at java.base/sun.nio.ch.Net.pollConnect(Native Method) ~[na:na]
	at java.base/sun.nio.ch.Net.pollConnectNow(Net.java:672) ~[na:na]
	at java.base/sun.nio.ch.SocketChannelImpl.finishConnect(SocketChannelImpl.java:946) ~[na:na]
	at io.netty.channel.socket.nio.NioSocketChannel.doFinishConnect(NioSocketChannel.java:337) ~[netty-transport-4.1.107.Final.jar:4.1.107.Final]
	at io.netty.channel.nio.AbstractNioChannel$AbstractNioUnsafe.finishConnect(AbstractNioChannel.java:335) ~[netty-transport-4.1.107.Final.jar:4.1.107.Final]
	at io.netty.channel.nio.NioEventLoop.processSelectedKey(NioEventLoop.java:776) ~[netty-transport-4.1.107.Final.jar:4.1.107.Final]
	at io.netty.channel.nio.NioEventLoop.processSelectedKeysOptimized(NioEventLoop.java:724) ~[netty-transport-4.1.107.Final.jar:4.1.107.Final]
	at io.netty.channel.nio.NioEventLoop.processSelectedKeys(NioEventLoop.java:650) ~[netty-transport-4.1.107.Final.jar:4.1.107.Final]
	at io.netty.channel.nio.NioEventLoop.run(NioEventLoop.java:562) ~[netty-transport-4.1.107.Final.jar:4.1.107.Final]
	at io.netty.util.concurrent.SingleThreadEventExecutor$4.run(SingleThreadEventExecutor.java:997) ~[netty-common-4.1.107.Final.jar:4.1.107.Final]
	at io.netty.util.internal.ThreadExecutorMap$2.run(ThreadExecutorMap.java:74) ~[netty-common-4.1.107.Final.jar:4.1.107.Final]
	at io.netty.util.concurrent.FastThreadLocalRunnable.run(FastThreadLocalRunnable.java:30) ~[netty-common-4.1.107.Final.jar:4.1.107.Final]
	at java.base/java.lang.Thread.run(Thread.java:833) ~[na:na]

